<testsuites name="results">
  <testsuite name="all" package="all">
    <property name="random_seed" value="1754683001" />
    <testcase name="basic_io" classname="test_axils" file="/home/imp/work/uart/test/modules/test_axils.py" lineno="23" time="0.018361568450927734" sim_time_ns="450.001" ratio_time="24507.76474801984">
      <failure message="Test failed with RANDOM_SEED=123" />
    </testcase>
    <testcase name="status_registers" classname="test_axils" file="/home/imp/work/uart/test/modules/test_axils.py" lineno="55" time="0.010288476943969727" sim_time_ns="270.001" ratio_time="26243.0485552337">
      <failure message="Test failed with RANDOM_SEED=123" />
    </testcase>
  </testsuite>
</testsuites>
